composer: ''
min_duration: 16
results:
  B:
    40:
      1: 0.69
      2: 0.8
    50:
      1: 0.8
    55:
      1: 0.64
      2: 0.77
    60:
      1: 0.7
      2: 0.65
      3: 0.77
    65:
      1: 0.6
      2: 0.72
    70:
      1: 0.63
      2: 0.7
  L:
    40:
      1: 0.55
      2: 0.65
      3: 0.79
    50:
      1: 0.72
    55:
      1: 0.62
    60:
      1: 0.62
    65:
      1: 0.49
      2: 0.36
  R:
    40:
      1: 0.57
      2: 0.63
      3: 0.76
      4: 0.73
      5: 0.84
    45:
      1: 0.56
      2: 0.38
      3: 0.21
      4: 0.67
    50:
      1: 0.75
    55:
      1: 0.63
      2: 0.68
    60:
      1: 0.7
      2: 0.76
    65:
      1: 0.63
      2: 0.62
    70:
      1: 0.65
      2: 0.64
song: ''
