composer: ''
min_duration: 16
results:
  B:
    40:
      1: 0.65
      2: 0.64
      3: 0.67
    45:
      1: 0.7
      2: 0.78
    50:
      1: 0.61
    55:
      1: 0.73
      2: 0.74
    60:
      1: 0.6
      2: 0.7
    65:
      1: 0.61
      2: 0.61
    70:
      1: 0.65
  L:
    40:
      1: 0.64
      2: 0.71
    45:
      1: 0.65
      2: 0.7
    50:
      1: 0.68
    55:
      1: 0.72
      2: 0.67
    60:
      1: 0.67
    65:
      1: 0.42
      2: 0.55
      3: 0.47
      4: 0.51
    70:
      1: 0.62
      2: 0.55
  R:
    40:
      1: 0.56
      2: 0.59
      3: 0.65
    45:
      1: 0.68
      2: 0.73
      3: 0.73
    50:
      1: 0.65
      2: 0.73
    55:
      1: 0.66
      2: 0.66
      3: 0.59
    60:
      1: 0.62
      2: 0.68
    65:
      1: 0.63
      2: 0.5
      3: 0.56
      4: 0.45
      5: 0.64
      6: 0.67
    70:
      1: 0.68
      2: 0.82
    75:
      1: 0.65
      2: 0.61
song: ''
