composer: ''
min_duration: 16
results:
  B:
    45:
      1: 0.68
      2: 0.79
    65:
      1: 0.5
      2: 0.54
    70:
      1: 0.61
      2: 0.68
    75:
      1: 0.58
      2: 0.45
    80:
      1: 0.56
      2: 0.58
    85:
      1: 0.67
      2: 0.63
  L:
    45:
      1: 0.55
    65:
      1: 0.4
      2: 0.53
    70:
      1: 0.61
      2: 0.51
    75:
      1: 0.35
      2: 0.32
    80:
      1: 0.28
    85:
      1: 0.23
      2: 0.36
      3: 0.56
  R:
    40:
      1: 0.46
    45:
      1: 0.64
      2: 0.63
      3: 0.81
    65:
      1: 0.63
      2: 0.65
    70:
      1: 0.69
      2: 0.71
    75:
      1: 0.73
      2: 0.56
    80:
      1: 0.68
      2: 0.5
song: ''
