composer: ''
min_duration: 16
results:
  B:
    40:
      1: 0.74
      2: 0.82
    45:
      1: 0.69
      2: 0.84
    50:
      1: 0.74
    55:
      1: 0.81
    60:
      1: 0.68
      2: 0.65
      3: 0.74
    65:
      1: 0.66
      2: 0.7
  L:
    40:
      1: 0.5
      2: 0.88
    45:
      1: 0.62
      2: 0.77
    50:
      1: 0.78
    55:
      1: 0.66
    60:
      1: 0.69
    65:
      1: 0.56
  R:
    40:
      1: 0.68
      2: 0.83
    45:
      1: 0.62
      2: 0.66
      3: 0.85
    50:
      1: 0.82
    55:
      1: 0.78
      2: 0.71
    60:
      1: 0.74
      2: 0.74
    65:
      1: 0.74
      2: 0.72
song: ''
