composer: ''
min_duration: 16
results:
  B:
    40:
      1: 0.79
    45:
      1: 0.81
    50:
      1: 0.75
      2: 0.84
    55:
      1: 0.68
      2: 0.82
    60:
      1: 0.7
  L:
    40:
      1: 0.78
    45:
      1: 0.81
    50:
      1: 0.81
      2: 0.76
    55:
      1: 0.7
    60:
      1: 0.77
      2: 0.72
  R:
    40:
      1: 0.69
      2: 0.81
    45:
      1: 0.75
      2: 0.86
    50:
      1: 0.76
      2: 0.77
    55:
      1: 0.67
      2: 0.55
    60:
      1: 0.57
      2: 0.7
song: ''
