composer: ''
min_duration: 16
results:
  B:
    40:
      1: 0.87
    45:
      1: 0.75
      2: 0.61
    50:
      1: 0.67
      2: 0.59
    55:
      1: 0.73
    60:
      1: 0.72
      2: 0.66
      3: 0.7
  L:
    40:
      1: 0.72
    45:
      1: 0.48
      2: 0.52
    50:
      1: 0.76
      2: 0.68
    55:
      1: 0.54
      2: 0.72
    60:
      1: 0.72
  R:
    40:
      1: 0.83
    45:
      1: 0.24
      2: 0.7
    50:
      1: 0.62
      2: 0.58
      3: 0.66
    55:
      1: 0.36
      2: 0.6
      3: 0.48
      4: 0.43
      5: 0.68
    60:
      1: 0.72
      2: 0.76
    65:
      1: 0.52
      2: 0.67
song: ''
