composer: Hanon
min_duration: 16
results:
  B:
    40:
      1: 0.74
      2: 0.81
    45:
      1: 0.67
      2: 0.7
      3: 0.77
    50:
      1: 0.67
      2: 0.68
      3: 0.6
    85:
      1: 0.52
  L:
    40:
      1: 0.67
      2: 0.76
    45:
      1: 0.64
      2: 0.69
    50:
      1: 0.62
    85:
      1: 0.46
  R:
    40:
      1: 0.84
      2: 0.74
      3: 0.76
      4: 0.74
    45:
      1: 0.7
      2: 0.66
      3: 0.63
      4: 0.58
    50:
      1: 0.62
      2: 0.56
      3: 0.22
      4: 0.56
      5: 0.64
      6: 0.76
      7: 0.68
    80:
      1: 0.73
      2: 0.61
    85:
      1: 0.46
      2: 0.57
      3: 0.64
      4: 0.63
      5: 0.67
      6: 0.63
song: '1'
