composer: ''
min_duration: 16
results:
  B:
    40:
      1: 0.77
      2: 0.78
      3: 0.83
    45:
      1: 0.82
    50:
      1: 0.67
      2: 0.79
    55:
      1: 0.78
    60:
      1: 0.81
      2: 0.78
    65:
      1: 0.67
      2: 0.79
  L:
    40:
      1: 0.61
      2: 0.8
    45:
      1: 0.76
      2: 0.82
    50:
      1: 0.72
      2: 0.7
    55:
      1: 0.72
    60:
      1: 0.71
      2: 0.75
    65:
      1: 0.59
      2: 0.63
  R:
    40:
      1: 0.56
      2: 0.69
      3: 0.83
    45:
      1: 0.73
      2: 0.67
    50:
      1: 0.72
      2: 0.59
    55:
      1: 0.63
      2: 0.69
      3: 0.76
    60:
      1: 0.74
      2: 0.63
    65:
      1: 0.6
      2: 0.67
song: ''
